<?xml version="1.0" encoding="UTF-8"?>
<testsuite xmlns:xsi="http://www.w3.org/2001/XMLSchema-instance" xsi:noNamespaceSchemaLocation="https://maven.apache.org/surefire/maven-surefire-plugin/xsd/surefire-test-report.xsd" name="com.planit.AppTest" time="0.109" tests="1" errors="0" skipped="0" failures="0">
  <properties>
    <property name="java.specification.version" value="19"/>
    <property name="sun.cpu.isalist" value="amd64"/>
    <property name="sun.jnu.encoding" value="Cp1252"/>
    <property name="java.class.path" value="D:\Pavan_DevOps\Plant_project\webappplanit\target\test-classes;D:\Pavan_DevOps\Plant_project\webappplanit\target\classes;C:\Users\Dell\.m2\repository\junit\junit\4.11\junit-4.11.jar;C:\Users\Dell\.m2\repository\org\hamcrest\hamcrest-core\1.3\hamcrest-core-1.3.jar;C:\Users\Dell\.m2\repository\edu\byu\hbll\mysql\2.1.0\mysql-2.1.0.jar;C:\Users\Dell\.m2\repository\mysql\mysql-connector-java\8.0.30\mysql-connector-java-8.0.30.jar;C:\Users\Dell\.m2\repository\com\google\protobuf\protobuf-java\3.19.4\protobuf-java-3.19.4.jar;C:\Users\Dell\.m2\repository\commons-dbutils\commons-dbutils\1.7\commons-dbutils-1.7.jar;C:\Users\Dell\.m2\repository\edu\byu\hbll\misc\1.4.1\misc-1.4.1.jar;C:\Users\Dell\.m2\repository\org\slf4j\slf4j-api\2.0.1\slf4j-api-2.0.1.jar;"/>
    <property name="java.vm.vendor" value="Oracle Corporation"/>
    <property name="sun.arch.data.model" value="64"/>
    <property name="user.variant" value=""/>
    <property name="java.vendor.url" value="https://java.oracle.com/"/>
    <property name="user.timezone" value="Asia/Calcutta"/>
    <property name="os.name" value="Windows 10"/>
    <property name="java.vm.specification.version" value="19"/>
    <property name="sun.java.launcher" value="SUN_STANDARD"/>
    <property name="user.country" value="IN"/>
    <property name="sun.boot.library.path" value="C:\Program Files\Java\jdk-19\bin"/>
    <property name="sun.java.command" value="C:\Users\Dell\AppData\Local\Temp\surefire6137827554946499293\surefirebooter14720974134664204645.jar C:\Users\Dell\AppData\Local\Temp\surefire6137827554946499293 2022-10-27T20-22-44_653-jvmRun1 surefire13858042683636108505tmp surefire_07056054287423244828tmp"/>
    <property name="jdk.debug" value="release"/>
    <property name="surefire.test.class.path" value="D:\Pavan_DevOps\Plant_project\webappplanit\target\test-classes;D:\Pavan_DevOps\Plant_project\webappplanit\target\classes;C:\Users\Dell\.m2\repository\junit\junit\4.11\junit-4.11.jar;C:\Users\Dell\.m2\repository\org\hamcrest\hamcrest-core\1.3\hamcrest-core-1.3.jar;C:\Users\Dell\.m2\repository\edu\byu\hbll\mysql\2.1.0\mysql-2.1.0.jar;C:\Users\Dell\.m2\repository\mysql\mysql-connector-java\8.0.30\mysql-connector-java-8.0.30.jar;C:\Users\Dell\.m2\repository\com\google\protobuf\protobuf-java\3.19.4\protobuf-java-3.19.4.jar;C:\Users\Dell\.m2\repository\commons-dbutils\commons-dbutils\1.7\commons-dbutils-1.7.jar;C:\Users\Dell\.m2\repository\edu\byu\hbll\misc\1.4.1\misc-1.4.1.jar;C:\Users\Dell\.m2\repository\org\slf4j\slf4j-api\2.0.1\slf4j-api-2.0.1.jar;"/>
    <property name="sun.cpu.endian" value="little"/>
    <property name="user.home" value="C:\Users\Dell"/>
    <property name="user.language" value="en"/>
    <property name="java.specification.vendor" value="Oracle Corporation"/>
    <property name="java.version.date" value="2022-10-18"/>
    <property name="java.home" value="C:\Program Files\Java\jdk-19"/>
    <property name="file.separator" value="\"/>
    <property name="basedir" value="D:\Pavan_DevOps\Plant_project\webappplanit"/>
    <property name="java.vm.compressedOopsMode" value="32-bit"/>
    <property name="line.separator" value="&#10;"/>
    <property name="java.vm.specification.vendor" value="Oracle Corporation"/>
    <property name="java.specification.name" value="Java Platform API Specification"/>
    <property name="surefire.real.class.path" value="C:\Users\Dell\AppData\Local\Temp\surefire6137827554946499293\surefirebooter14720974134664204645.jar"/>
    <property name="user.script" value=""/>
    <property name="sun.management.compiler" value="HotSpot 64-Bit Tiered Compilers"/>
    <property name="java.runtime.version" value="19.0.1+10-21"/>
    <property name="user.name" value="Dell"/>
    <property name="stdout.encoding" value="Cp1252"/>
    <property name="path.separator" value=";"/>
    <property name="os.version" value="10.0"/>
    <property name="java.runtime.name" value="Java(TM) SE Runtime Environment"/>
    <property name="file.encoding" value="UTF-8"/>
    <property name="java.vm.name" value="Java HotSpot(TM) 64-Bit Server VM"/>
    <property name="localRepository" value="C:\Users\Dell\.m2\repository"/>
    <property name="java.vendor.url.bug" value="https://bugreport.java.com/bugreport/"/>
    <property name="java.io.tmpdir" value="C:\Users\Dell\AppData\Local\Temp\"/>
    <property name="java.version" value="19.0.1"/>
    <property name="user.dir" value="D:\Pavan_DevOps\Plant_project\webappplanit"/>
    <property name="os.arch" value="amd64"/>
    <property name="java.vm.specification.name" value="Java Virtual Machine Specification"/>
    <property name="sun.os.patch.level" value=""/>
    <property name="native.encoding" value="Cp1252"/>
    <property name="java.library.path" value="C:\Program Files\Java\jdk-19\bin;C:\Windows\Sun\Java\bin;C:\Windows\system32;C:\Windows;C:\Program Files\Common Files\Oracle\Java\javapath;C:\Windows\system32;C:\Windows;C:\Windows\System32\Wbem;C:\Windows\System32\WindowsPowerShell\v1.0\;C:\Windows\System32\OpenSSH\;C:\Program Files\Git\cmd;C:\Program Files\Java\jdk-19\bin;D:\Pavan_DevOps\apache-maven-3.8.6\bin;C:\Users\Dell\AppData\Local\Microsoft\WindowsApps;;."/>
    <property name="java.vm.info" value="mixed mode, sharing"/>
    <property name="stderr.encoding" value="Cp1252"/>
    <property name="java.vendor" value="Oracle Corporation"/>
    <property name="java.vm.version" value="19.0.1+10-21"/>
    <property name="sun.io.unicode.encoding" value="UnicodeLittle"/>
    <property name="java.class.version" value="63.0"/>
  </properties>
  <testcase name="shouldAnswerWithTrue" classname="com.planit.AppTest" time="0.015"/>
</testsuite>